[INFO] 2018-05-18 16:12:13 - Starting Application on Sc-201501051719 with PID 3436 (E:\Projects\School\his\out\production\classes started by Administrator in E:\Projects\School\his)  [main] [org.springframework.boot.StartupInfoLogger:50] 
[DEBUG] 2018-05-18 16:12:13 - Running with Spring Boot v2.0.0.RELEASE, Spring v5.0.4.RELEASE  [main] [org.springframework.boot.StartupInfoLogger:53] 
[INFO] 2018-05-18 16:12:13 - No active profile set, falling back to default profiles: default  [main] [org.springframework.boot.SpringApplication:652] 
[WARN] 2018-05-18 16:12:14 - No MyBatis mapper was found in '[com.his]' package. Please check your configuration.  [main] [tk.mybatis.spring.mapper.ClassPathMapperScanner:142] 
[WARN] 2018-05-18 16:12:14 - No MyBatis mapper was found in '[com.his]' package. Please check your configuration.  [main] [org.mybatis.spring.mapper.ClassPathMapperScanner:166] 
[INFO] 2018-05-18 16:12:15 - Tomcat initialized with port(s): 80 (http)  [main] [org.springframework.boot.web.embedded.tomcat.TomcatWebServer:91] 
[INFO] 2018-05-18 16:12:16 - Init DruidDataSource  [main] [com.alibaba.druid.spring.boot.autoconfigure.DruidDataSourceAutoConfigure:56] 
[INFO] 2018-05-18 16:12:17 - {dataSource-1} inited  [main] [com.alibaba.druid.pool.DruidDataSource:928] 
[INFO] 2018-05-18 16:12:18 - Tomcat started on port(s): 80 (http) with context path ''  [main] [org.springframework.boot.web.embedded.tomcat.TomcatWebServer:205] 
[INFO] 2018-05-18 16:12:18 - Started Application in 5.893 seconds (JVM running for 7.938)  [main] [org.springframework.boot.StartupInfoLogger:59] 
[DEBUG] 2018-05-18 16:12:50 - ==>  Preparing: SELECT id,username,password,name,email,status,type,guarder,phone FROM user WHERE username = ? AND password = ?   [http-nio-80-exec-5] [org.apache.ibatis.logging.jdbc.BaseJdbcLogger:159] 
[DEBUG] 2018-05-18 16:12:50 - ==> Parameters: ys(String), 1234(String)  [http-nio-80-exec-5] [org.apache.ibatis.logging.jdbc.BaseJdbcLogger:159] 
[DEBUG] 2018-05-18 16:12:50 - <==      Total: 1  [http-nio-80-exec-5] [org.apache.ibatis.logging.jdbc.BaseJdbcLogger:159] 
[DEBUG] 2018-05-18 16:12:50 - ==>  Preparing: SELECT COUNT(id) FROM Message WHERE userid = ? AND status = ?   [http-nio-80-exec-7] [org.apache.ibatis.logging.jdbc.BaseJdbcLogger:159] 
[DEBUG] 2018-05-18 16:12:50 - ==> Parameters: 3(Integer), 0(Integer)  [http-nio-80-exec-7] [org.apache.ibatis.logging.jdbc.BaseJdbcLogger:159] 
[DEBUG] 2018-05-18 16:12:50 - <==      Total: 1  [http-nio-80-exec-7] [org.apache.ibatis.logging.jdbc.BaseJdbcLogger:159] 
[DEBUG] 2018-05-18 16:12:52 - ==>  Preparing: SELECT COUNT(id) FROM Message WHERE userid = ? AND status = ?   [http-nio-80-exec-8] [org.apache.ibatis.logging.jdbc.BaseJdbcLogger:159] 
[DEBUG] 2018-05-18 16:12:52 - ==> Parameters: 3(Integer), 0(Integer)  [http-nio-80-exec-8] [org.apache.ibatis.logging.jdbc.BaseJdbcLogger:159] 
[DEBUG] 2018-05-18 16:12:52 - <==      Total: 1  [http-nio-80-exec-8] [org.apache.ibatis.logging.jdbc.BaseJdbcLogger:159] 
[DEBUG] 2018-05-18 16:12:53 - ==>  Preparing: SELECT id,name,card,phone,gender,age,email,dep,major,remark FROM doctor WHERE id = ?   [http-nio-80-exec-10] [org.apache.ibatis.logging.jdbc.BaseJdbcLogger:159] 
[DEBUG] 2018-05-18 16:12:53 - ==> Parameters: 3(Integer)  [http-nio-80-exec-10] [org.apache.ibatis.logging.jdbc.BaseJdbcLogger:159] 
[DEBUG] 2018-05-18 16:12:53 - <==      Total: 1  [http-nio-80-exec-10] [org.apache.ibatis.logging.jdbc.BaseJdbcLogger:159] 
[DEBUG] 2018-05-18 16:12:54 - ==>  Preparing: SELECT count(0) FROM info i LEFT JOIN user u ON u.id = i.userid   [http-nio-80-exec-1] [org.apache.ibatis.logging.jdbc.BaseJdbcLogger:159] 
[DEBUG] 2018-05-18 16:12:54 - ==> Parameters:   [http-nio-80-exec-1] [org.apache.ibatis.logging.jdbc.BaseJdbcLogger:159] 
[DEBUG] 2018-05-18 16:12:54 - <==      Total: 1  [http-nio-80-exec-1] [org.apache.ibatis.logging.jdbc.BaseJdbcLogger:159] 
[DEBUG] 2018-05-18 16:12:54 - ==>  Preparing: select i.*,u.name username from info i left join user u on u.id = i.userid order by i.addtime LIMIT ?   [http-nio-80-exec-1] [org.apache.ibatis.logging.jdbc.BaseJdbcLogger:159] 
[DEBUG] 2018-05-18 16:12:54 - ==> Parameters: 10(Integer)  [http-nio-80-exec-1] [org.apache.ibatis.logging.jdbc.BaseJdbcLogger:159] 
[DEBUG] 2018-05-18 16:12:54 - <==      Total: 8  [http-nio-80-exec-1] [org.apache.ibatis.logging.jdbc.BaseJdbcLogger:159] 
[DEBUG] 2018-05-18 16:13:00 - ==>  Preparing: SELECT count(0) FROM orders o LEFT JOIN user u ON u.id = o.userid LEFT JOIN user d ON d.id = o.doctorid   [http-nio-80-exec-5] [org.apache.ibatis.logging.jdbc.BaseJdbcLogger:159] 
[DEBUG] 2018-05-18 16:13:00 - ==> Parameters:   [http-nio-80-exec-5] [org.apache.ibatis.logging.jdbc.BaseJdbcLogger:159] 
[DEBUG] 2018-05-18 16:13:00 - <==      Total: 1  [http-nio-80-exec-5] [org.apache.ibatis.logging.jdbc.BaseJdbcLogger:159] 
[DEBUG] 2018-05-18 16:13:00 - ==>  Preparing: select o.*,u.name username,d.name doctorname from orders o left join user u on u.id = o.userid left join user d on d.id = o.doctorid order by o.addtime LIMIT ?   [http-nio-80-exec-5] [org.apache.ibatis.logging.jdbc.BaseJdbcLogger:159] 
[DEBUG] 2018-05-18 16:13:00 - ==> Parameters: 10(Integer)  [http-nio-80-exec-5] [org.apache.ibatis.logging.jdbc.BaseJdbcLogger:159] 
[DEBUG] 2018-05-18 16:13:00 - <==      Total: 1  [http-nio-80-exec-5] [org.apache.ibatis.logging.jdbc.BaseJdbcLogger:159] 
[DEBUG] 2018-05-18 16:13:16 - ==>  Preparing: SELECT count(0) FROM orders o LEFT JOIN user u ON u.id = o.userid LEFT JOIN user d ON d.id = o.doctorid   [http-nio-80-exec-6] [org.apache.ibatis.logging.jdbc.BaseJdbcLogger:159] 
[DEBUG] 2018-05-18 16:13:16 - ==> Parameters:   [http-nio-80-exec-6] [org.apache.ibatis.logging.jdbc.BaseJdbcLogger:159] 
[DEBUG] 2018-05-18 16:13:16 - <==      Total: 1  [http-nio-80-exec-6] [org.apache.ibatis.logging.jdbc.BaseJdbcLogger:159] 
[DEBUG] 2018-05-18 16:13:16 - ==>  Preparing: select o.*,u.name username,d.name doctorname from orders o left join user u on u.id = o.userid left join user d on d.id = o.doctorid order by o.addtime LIMIT ?   [http-nio-80-exec-6] [org.apache.ibatis.logging.jdbc.BaseJdbcLogger:159] 
[DEBUG] 2018-05-18 16:13:16 - ==> Parameters: 10(Integer)  [http-nio-80-exec-6] [org.apache.ibatis.logging.jdbc.BaseJdbcLogger:159] 
[DEBUG] 2018-05-18 16:13:16 - <==      Total: 1  [http-nio-80-exec-6] [org.apache.ibatis.logging.jdbc.BaseJdbcLogger:159] 
[DEBUG] 2018-05-18 16:13:18 - ==>  Preparing: SELECT count(0) FROM orders o LEFT JOIN user u ON u.id = o.userid LEFT JOIN user d ON d.id = o.doctorid   [http-nio-80-exec-8] [org.apache.ibatis.logging.jdbc.BaseJdbcLogger:159] 
[DEBUG] 2018-05-18 16:13:18 - ==> Parameters:   [http-nio-80-exec-8] [org.apache.ibatis.logging.jdbc.BaseJdbcLogger:159] 
[DEBUG] 2018-05-18 16:13:18 - <==      Total: 1  [http-nio-80-exec-8] [org.apache.ibatis.logging.jdbc.BaseJdbcLogger:159] 
[DEBUG] 2018-05-18 16:13:18 - ==>  Preparing: select o.*,u.name username,d.name doctorname from orders o left join user u on u.id = o.userid left join user d on d.id = o.doctorid order by o.addtime LIMIT ?   [http-nio-80-exec-8] [org.apache.ibatis.logging.jdbc.BaseJdbcLogger:159] 
[DEBUG] 2018-05-18 16:13:18 - ==> Parameters: 10(Integer)  [http-nio-80-exec-8] [org.apache.ibatis.logging.jdbc.BaseJdbcLogger:159] 
[DEBUG] 2018-05-18 16:13:18 - <==      Total: 1  [http-nio-80-exec-8] [org.apache.ibatis.logging.jdbc.BaseJdbcLogger:159] 
[DEBUG] 2018-05-18 16:14:09 - ==>  Preparing: SELECT count(0) FROM orders o LEFT JOIN user u ON u.id = o.userid LEFT JOIN user d ON d.id = o.doctorid   [http-nio-80-exec-4] [org.apache.ibatis.logging.jdbc.BaseJdbcLogger:159] 
[DEBUG] 2018-05-18 16:14:09 - ==> Parameters:   [http-nio-80-exec-4] [org.apache.ibatis.logging.jdbc.BaseJdbcLogger:159] 
[DEBUG] 2018-05-18 16:14:09 - <==      Total: 1  [http-nio-80-exec-4] [org.apache.ibatis.logging.jdbc.BaseJdbcLogger:159] 
[DEBUG] 2018-05-18 16:14:09 - ==>  Preparing: select o.*,u.name username,d.name doctorname from orders o left join user u on u.id = o.userid left join user d on d.id = o.doctorid order by o.addtime LIMIT ?   [http-nio-80-exec-4] [org.apache.ibatis.logging.jdbc.BaseJdbcLogger:159] 
[DEBUG] 2018-05-18 16:14:09 - ==> Parameters: 10(Integer)  [http-nio-80-exec-4] [org.apache.ibatis.logging.jdbc.BaseJdbcLogger:159] 
[DEBUG] 2018-05-18 16:14:09 - <==      Total: 1  [http-nio-80-exec-4] [org.apache.ibatis.logging.jdbc.BaseJdbcLogger:159] 
[DEBUG] 2018-05-18 16:14:19 - ==>  Preparing: UPDATE orders SET id = id,flag = ? WHERE id = ?   [http-nio-80-exec-5] [org.apache.ibatis.logging.jdbc.BaseJdbcLogger:159] 
[DEBUG] 2018-05-18 16:14:19 - ==> Parameters: 好了(String), 1(Integer)  [http-nio-80-exec-5] [org.apache.ibatis.logging.jdbc.BaseJdbcLogger:159] 
[DEBUG] 2018-05-18 16:14:19 - <==    Updates: 1  [http-nio-80-exec-5] [org.apache.ibatis.logging.jdbc.BaseJdbcLogger:159] 
[DEBUG] 2018-05-18 16:14:19 - ==>  Preparing: SELECT count(0) FROM orders o LEFT JOIN user u ON u.id = o.userid LEFT JOIN user d ON d.id = o.doctorid   [http-nio-80-exec-9] [org.apache.ibatis.logging.jdbc.BaseJdbcLogger:159] 
[DEBUG] 2018-05-18 16:14:19 - ==> Parameters:   [http-nio-80-exec-9] [org.apache.ibatis.logging.jdbc.BaseJdbcLogger:159] 
[DEBUG] 2018-05-18 16:14:19 - <==      Total: 1  [http-nio-80-exec-9] [org.apache.ibatis.logging.jdbc.BaseJdbcLogger:159] 
[DEBUG] 2018-05-18 16:14:19 - ==>  Preparing: select o.*,u.name username,d.name doctorname from orders o left join user u on u.id = o.userid left join user d on d.id = o.doctorid order by o.addtime LIMIT ?   [http-nio-80-exec-9] [org.apache.ibatis.logging.jdbc.BaseJdbcLogger:159] 
[DEBUG] 2018-05-18 16:14:19 - ==> Parameters: 10(Integer)  [http-nio-80-exec-9] [org.apache.ibatis.logging.jdbc.BaseJdbcLogger:159] 
[DEBUG] 2018-05-18 16:14:19 - <==      Total: 1  [http-nio-80-exec-9] [org.apache.ibatis.logging.jdbc.BaseJdbcLogger:159] 
[DEBUG] 2018-05-18 16:14:28 - ==>  Preparing: SELECT COUNT(id) FROM Message WHERE userid = ? AND status = ?   [http-nio-80-exec-8] [org.apache.ibatis.logging.jdbc.BaseJdbcLogger:159] 
[DEBUG] 2018-05-18 16:14:28 - ==> Parameters: 3(Integer), 0(Integer)  [http-nio-80-exec-8] [org.apache.ibatis.logging.jdbc.BaseJdbcLogger:159] 
[DEBUG] 2018-05-18 16:14:28 - <==      Total: 1  [http-nio-80-exec-8] [org.apache.ibatis.logging.jdbc.BaseJdbcLogger:159] 
